Arguments: 
  /usr/local/bin/node /usr/local/bin/yarn add rxjs --peer

PATH: 
  /Users/zhantewei/.sdkman/candidates/springboot/current/bin:/anaconda3/bin:/anaconda3/condabin:/Library/Frameworks/Python.framework/Versions/3.7/bin:/my/bin:/Users/zhantewei/Library/Android/sdk/tools:/my/program/gradle-5.1.1/bin:/Library/Java/JavaVirtualMachines/jdk1.8.0_192.jdk/Contents/Home/bin:/usr/local/apache-maven-3.6.1/bin:/Users/zhantewei/Library/Android/sdk/platform-tools:/usr/local/bin:/usr/bin:/bin:/usr/sbin:/sbin:/anaconda3/bin

Yarn version: 
  1.12.3

Node version: 
  10.16.0

Platform: 
  darwin x64

Trace: 
  SyntaxError: /frontend/framework/@ztwx/http/package.json: Unexpected token } in JSON at position 400
      at JSON.parse (<anonymous>)
      at /usr/local/lib/node_modules/yarn/lib/cli.js:1631:59
      at Generator.next (<anonymous>)
      at step (/usr/local/lib/node_modules/yarn/lib/cli.js:304:30)
      at /usr/local/lib/node_modules/yarn/lib/cli.js:315:13

npm manifest: 
  {
    "name": "@ztwx/http",
    "version": "0.0.1",
    "description": "frontend request dependency rxjs",
    "main": "lib/index.js",
    "types":"lib/index.d.ts",
    "scripts": {
      "package": "tsc --outDir lib -d"
    },
    "author": "zhantewei",
    "license": "ISC",
    "dependencies": {
      "@types/node": "^13.9.8",
      "@types/webpack-env": "^1.15.1",
      "tslib": "^1.11.1",
      "typescript": "^3.8.3"
    },
  }

yarn manifest: 
  No manifest

Lockfile: 
  # THIS IS AN AUTOGENERATED FILE. DO NOT EDIT THIS FILE DIRECTLY.
  # yarn lockfile v1
  
  
  "@types/node@^13.9.8":
    version "13.9.8"
    resolved "https://registry.npmjs.org/@types/node/-/node-13.9.8.tgz#09976420fc80a7a00bf40680c63815ed8c7616f4"
    integrity sha512-1WgO8hsyHynlx7nhP1kr0OFzsgKz5XDQL+Lfc3b1Q3qIln/n8cKD4m09NJ0+P1Rq7Zgnc7N0+SsMnoD1rEb0kA==
  
  "@types/webpack-env@^1.15.1":
    version "1.15.1"
    resolved "https://registry.npmjs.org/@types/webpack-env/-/webpack-env-1.15.1.tgz#c8e84705e08eed430b5e15b39c65b0944e4d1422"
    integrity sha512-eWN5ElDTeBc5lRDh95SqA8x18D0ll2pWudU3uWiyfsRmIZcmUXpEsxPU+7+BsdCrO2vfLRC629u/MmjbmF+2tA==
  
  rxjs@^6.5.4:
    version "6.5.4"
    resolved "https://registry.npmjs.org/rxjs/-/rxjs-6.5.4.tgz#e0777fe0d184cec7872df147f303572d414e211c"
    integrity sha512-naMQXcgEo3csAEGvw/NydRA0fuS2nDZJiw1YUWFKU7aPPAPGZEsD4Iimit96qwCieH6y614MCLYwdkrWx7z/7Q==
    dependencies:
      tslib "^1.9.0"
  
  tslib@^1.11.1, tslib@^1.9.0:
    version "1.11.1"
    resolved "https://registry.npmjs.org/tslib/-/tslib-1.11.1.tgz#eb15d128827fbee2841549e171f45ed338ac7e35"
    integrity sha512-aZW88SY8kQbU7gpV19lN24LtXh/yD4ZZg6qieAJDDg+YBsJcSmLGK9QpnUjAKVG/xefmvJGd1WUmfpT/g6AJGA==
  
  typescript@^3.8.3:
    version "3.8.3"
    resolved "https://registry.npmjs.org/typescript/-/typescript-3.8.3.tgz#409eb8544ea0335711205869ec458ab109ee1061"
    integrity sha512-MYlEfn5VrLNsgudQTVJeNaQFUAI7DkhnOjdpAp4T+ku1TfQClewlbSuTVHiA+8skNBgaf02TL/kLOvig4y3G8w==
